<?xml version="1.0" encoding="UTF-8"?>
<!-- Generated by org.testng.reporters.JUnitReportReporter -->
<testsuite hostname="DESKTOP-JJ8PCSV" failures="0" tests="5" name="pk10testng.Pr01VerifyPages" time="9.698" errors="0" timestamp="2022-11-01T07:02:57 IST" skipped="1">
  <testcase classname="pk10testng.Pr01VerifyPages" name="verifyHomePage" time="2.050"/>
  <system-out/>
  <testcase classname="pk10testng.Pr01VerifyPages" name="verifyContactUsPage" time="2.303"/>
  <system-out/>
  <testcase classname="pk10testng.Pr01VerifyPages" name="verifyFAQsPage" time="3.016"/>
  <system-out/>
  <testcase classname="pk10testng.Pr01VerifyPages" name="verifyAboutUsPage" time="2.329"/>
  <system-out/>
  <testcase classname="pk10testng.Pr01VerifyPages" name="verifyCarListingPage">
    <skipped/>
  </testcase> <!-- verifyCarListingPage -->
  <system-out/>
</testsuite> <!-- pk10testng.Pr01VerifyPages -->
