<?xml version="1.0" encoding="UTF-8"?>
<!-- Generated by org.testng.reporters.JUnitReportReporter -->
<testsuite hostname="DESKTOP-JJ8PCSV" failures="0" tests="5" name="pk8testng.Pr01VerifyPages" time="12.332" errors="0" timestamp="2022-10-30T20:33:53 IST" skipped="0">
  <testcase classname="pk8testng.Pr01VerifyPages" name="verifyAboutUsPage" time="2.958"/>
  <system-out/>
  <testcase classname="pk8testng.Pr01VerifyPages" name="verifyHomePage" time="2.011"/>
  <system-out/>
  <testcase classname="pk8testng.Pr01VerifyPages" name="verifyCarListingPage" time="2.268"/>
  <system-out/>
  <testcase classname="pk8testng.Pr01VerifyPages" name="verifyContactUsPage" time="2.446"/>
  <system-out/>
  <testcase classname="pk8testng.Pr01VerifyPages" name="verifyFAQsPage" time="2.649"/>
  <system-out/>
</testsuite> <!-- pk8testng.Pr01VerifyPages -->
