<?xml version="1.0" encoding="UTF-8"?>
<!-- Generated by org.testng.reporters.JUnitReportReporter -->
<testsuite hostname="DESKTOP-JJ8PCSV" failures="0" tests="5" name="pk11testnglisteners.Pr01VerifyPages" time="13.646" errors="0" timestamp="2022-11-02T08:49:16 IST" skipped="0">
  <testcase classname="pk11testnglisteners.Pr01VerifyPages" name="verifyContactUsPage" time="2.477"/>
  <system-out/>
  <testcase classname="pk11testnglisteners.Pr01VerifyPages" name="verifyFAQsPage" time="2.321"/>
  <system-out/>
  <testcase classname="pk11testnglisteners.Pr01VerifyPages" name="verifyCarListingPage" time="2.730"/>
  <system-out/>
  <testcase classname="pk11testnglisteners.Pr01VerifyPages" name="verifyHomePage" time="2.117"/>
  <system-out/>
  <testcase classname="pk11testnglisteners.Pr01VerifyPages" name="verifyAboutUsPage" time="4.001"/>
  <system-out/>
</testsuite> <!-- pk11testnglisteners.Pr01VerifyPages -->
