<?xml version="1.0" encoding="UTF-8"?>
<!-- Generated by org.testng.reporters.JUnitReportReporter -->
<testsuite hostname="DESKTOP-JJ8PCSV" failures="0" tests="4" name="pk8testng.Pr05WithAnnotations" time="3.557" errors="0" timestamp="2022-10-31T07:00:05 IST" skipped="0">
  <testcase classname="pk8testng.Pr05WithAnnotations" name="postTestimonialUser_FirstTime" time="0.951"/>
  <system-out/>
  <testcase classname="pk8testng.Pr05WithAnnotations" name="postTestimonialUser_FourthTime" time="0.841"/>
  <system-out/>
  <testcase classname="pk8testng.Pr05WithAnnotations" name="postTestimonialUser_SecondTime" time="0.846"/>
  <system-out/>
  <testcase classname="pk8testng.Pr05WithAnnotations" name="postTestimonialUser_ThirdTime" time="0.919"/>
  <system-out/>
</testsuite> <!-- pk8testng.Pr05WithAnnotations -->
