<?xml version="1.0" encoding="UTF-8"?>
<!-- Generated by org.testng.reporters.JUnitReportReporter -->
<testsuite hostname="DESKTOP-JJ8PCSV" failures="0" tests="6" name="pk08testng.Pr02NavigationBarCheckWithPOM" time="17.368" errors="0" timestamp="2022-11-10T21:01:00 IST" skipped="0">
  <testcase classname="pk08testng.Pr02NavigationBarCheckWithPOM" name="checkNavigationBarLinks" time="2.572"/>
  <system-out/>
  <testcase classname="pk08testng.Pr02NavigationBarCheckWithPOM" name="searchBMW" time="3.013"/>
  <system-out/>
  <testcase classname="pk08testng.Pr02NavigationBarCheckWithPOM" name="searchMaruthi" time="2.921"/>
  <system-out/>
  <testcase classname="pk08testng.Pr02NavigationBarCheckWithPOM" name="searchNissan" time="2.922"/>
  <system-out/>
  <testcase classname="pk08testng.Pr02NavigationBarCheckWithPOM" name="searchToyota" time="3.012"/>
  <system-out/>
  <testcase classname="pk08testng.Pr02NavigationBarCheckWithPOM" name="searchAudi" time="2.928"/>
  <system-out/>
</testsuite> <!-- pk08testng.Pr02NavigationBarCheckWithPOM -->
