<?xml version="1.0" encoding="UTF-8"?>
<!-- Generated by org.testng.reporters.JUnitReportReporter -->
<testsuite hostname="DESKTOP-JJ8PCSV" failures="0" tests="1" name="pk9testnggroups.Pr03Login" time="3.012" errors="0" timestamp="2022-10-31T08:00:25 IST" skipped="0">
  <testcase classname="pk9testnggroups.Pr03Login" name="loginUser1" time="3.012"/>
  <system-out/>
</testsuite> <!-- pk9testnggroups.Pr03Login -->
