<?xml version="1.0" encoding="UTF-8"?>
<!-- Generated by org.testng.reporters.JUnitReportReporter -->
<testsuite hostname="DESKTOP-JJ8PCSV" failures="0" tests="2" name="pk09testnggroups.Pr01VerifyPages" time="5.424" errors="0" timestamp="2022-11-06T00:54:24 IST" skipped="0">
  <testcase classname="pk09testnggroups.Pr01VerifyPages" name="verifyAboutUsPage" time="3.197"/>
  <system-out/>
  <testcase classname="pk09testnggroups.Pr01VerifyPages" name="verifyHomePage" time="2.227"/>
  <system-out/>
</testsuite> <!-- pk09testnggroups.Pr01VerifyPages -->
