<?xml version="1.0" encoding="UTF-8"?>
<!-- Generated by org.testng.reporters.JUnitReportReporter -->
<testsuite hostname="DESKTOP-JJ8PCSV" failures="0" tests="1" name="pk09testnggroups.Pr02NavigationBarCheckWithPOM" time="2.331" errors="0" timestamp="2022-11-06T00:54:11 IST" skipped="0">
  <testcase classname="pk09testnggroups.Pr02NavigationBarCheckWithPOM" name="checkNavigationBarLinks" time="2.331"/>
  <system-out/>
</testsuite> <!-- pk09testnggroups.Pr02NavigationBarCheckWithPOM -->
