<?xml version="1.0" encoding="UTF-8"?>
<!-- Generated by org.testng.reporters.JUnitReportReporter -->
<testsuite hostname="DESKTOP-JJ8PCSV" failures="0" tests="1" name="pk10testng.Pr03LoginParameterizing" time="4.700" errors="0" timestamp="2022-11-01T07:14:33 IST" skipped="0">
  <testcase classname="pk10testng.Pr03LoginParameterizing" name="loginUser1" time="4.700"/>
  <system-out/>
</testsuite> <!-- pk10testng.Pr03LoginParameterizing -->
