<?xml version="1.0" encoding="UTF-8"?>
<!-- Generated by org.testng.reporters.JUnitReportReporter -->
<testsuite hostname="DESKTOP-JJ8PCSV" failures="0" tests="5" name="pk13testng.Pr01VerifyPagesPriority" time="12.413" errors="0" timestamp="2022-11-02T23:45:15 IST" skipped="0">
  <testcase classname="pk13testng.Pr01VerifyPagesPriority" name="verifyHomePage" time="2.880"/>
  <system-out/>
  <testcase classname="pk13testng.Pr01VerifyPagesPriority" name="verifyAboutUsPage" time="2.498"/>
  <system-out/>
  <testcase classname="pk13testng.Pr01VerifyPagesPriority" name="verifyCarListingPage" time="2.374"/>
  <system-out/>
  <testcase classname="pk13testng.Pr01VerifyPagesPriority" name="verifyFAQsPage" time="2.346"/>
  <system-out/>
  <testcase classname="pk13testng.Pr01VerifyPagesPriority" name="verifyContactUsPage" time="2.315"/>
  <system-out/>
</testsuite> <!-- pk13testng.Pr01VerifyPagesPriority -->
