<?xml version="1.0" encoding="UTF-8"?>
<!-- Generated by org.testng.reporters.JUnitReportReporter -->
<testsuite hostname="DESKTOP-JJ8PCSV" failures="0" tests="5" name="pk08testng.Pr01VerifyPages" time="15.271" errors="0" timestamp="2022-11-10T21:01:00 IST" skipped="0">
  <testcase classname="pk08testng.Pr01VerifyPages" name="verifyFAQsPage" time="2.412"/>
  <system-out/>
  <testcase classname="pk08testng.Pr01VerifyPages" name="verifyAboutUsPage" time="5.189"/>
  <system-out/>
  <testcase classname="pk08testng.Pr01VerifyPages" name="verifyCarListingPage" time="2.859"/>
  <system-out/>
  <testcase classname="pk08testng.Pr01VerifyPages" name="verifyHomePage" time="2.202"/>
  <system-out/>
  <testcase classname="pk08testng.Pr01VerifyPages" name="verifyContactUsPage" time="2.609"/>
  <system-out/>
</testsuite> <!-- pk08testng.Pr01VerifyPages -->
