<?xml version="1.0" encoding="UTF-8"?>
<!-- Generated by org.testng.reporters.JUnitReportReporter -->
<testsuite hostname="DESKTOP-JJ8PCSV" failures="0" tests="1" name="pk10testng.Pr03LoginMultipleParameters" time="3.916" errors="0" timestamp="2022-11-01T07:19:19 IST" skipped="0">
  <testcase classname="pk10testng.Pr03LoginMultipleParameters" name="loginUser1" time="3.916"/>
  <system-out/>
</testsuite> <!-- pk10testng.Pr03LoginMultipleParameters -->
