<?xml version="1.0" encoding="UTF-8"?>
<!-- Generated by org.testng.reporters.JUnitReportReporter -->
<testsuite hostname="DESKTOP-JJ8PCSV" failures="0" tests="4" name="pk12testnglistenerstakescreenshot.Pr02Login" time="13.582" errors="0" timestamp="2022-11-02T22:54:03 IST" skipped="0">
  <testcase classname="pk12testnglistenerstakescreenshot.Pr02Login" name="loginUser2" time="3.144"/>
  <system-out/>
  <testcase classname="pk12testnglistenerstakescreenshot.Pr02Login" name="loginUser3" time="3.277"/>
  <system-out/>
  <testcase classname="pk12testnglistenerstakescreenshot.Pr02Login" name="loginUser4" time="3.140"/>
  <system-out/>
  <testcase classname="pk12testnglistenerstakescreenshot.Pr02Login" name="loginUser1" time="4.021"/>
  <system-out/>
</testsuite> <!-- pk12testnglistenerstakescreenshot.Pr02Login -->
