<?xml version="1.0" encoding="UTF-8"?>
<!-- Generated by org.testng.reporters.JUnitReportReporter -->
<testsuite hostname="DESKTOP-JJ8PCSV" failures="0" tests="4" name="pk08testng.Pr03Login" time="34.531" errors="0" timestamp="2022-11-01T08:03:12 IST" skipped="0">
  <testcase classname="pk08testng.Pr03Login" name="loginUser3" time="8.893"/>
  <system-out/>
  <testcase classname="pk08testng.Pr03Login" name="loginUser4" time="3.951"/>
  <system-out/>
  <testcase classname="pk08testng.Pr03Login" name="loginUser2" time="10.645"/>
  <system-out/>
  <testcase classname="pk08testng.Pr03Login" name="loginUser1" time="11.042"/>
  <system-out/>
</testsuite> <!-- pk08testng.Pr03Login -->
