<?xml version="1.0" encoding="UTF-8"?>
<!-- Generated by org.testng.reporters.JUnitReportReporter -->
<testsuite hostname="DESKTOP-JJ8PCSV" failures="0" tests="4" name="pk8testng.Pr04Annotations" time="18.035" errors="0" timestamp="2022-10-31T06:28:40 IST" skipped="0">
  <testcase classname="pk8testng.Pr04Annotations" name="postTestimonialUser_FourthTime" time="4.271"/>
  <system-out/>
  <testcase classname="pk8testng.Pr04Annotations" name="postTestimonialUser_SecondTime" time="4.274"/>
  <system-out/>
  <testcase classname="pk8testng.Pr04Annotations" name="postTestimonialUser_ThirdTime" time="4.209"/>
  <system-out/>
  <testcase classname="pk8testng.Pr04Annotations" name="postTestimonialUser_FirstTime" time="5.281"/>
  <system-out/>
</testsuite> <!-- pk8testng.Pr04Annotations -->
