<?xml version="1.0" encoding="UTF-8"?>
<!-- Generated by org.testng.reporters.JUnitReportReporter -->
<testsuite hostname="DESKTOP-JJ8PCSV" failures="0" tests="4" name="pk11testnglisteners.Pr02Login" time="12.867" errors="0" timestamp="2022-11-02T08:49:16 IST" skipped="0">
  <testcase classname="pk11testnglisteners.Pr02Login" name="loginUser3" time="3.045"/>
  <system-out/>
  <testcase classname="pk11testnglisteners.Pr02Login" name="loginUser4" time="3.150"/>
  <system-out/>
  <testcase classname="pk11testnglisteners.Pr02Login" name="loginUser1" time="3.399"/>
  <system-out/>
  <testcase classname="pk11testnglisteners.Pr02Login" name="loginUser2" time="3.273"/>
  <system-out/>
</testsuite> <!-- pk11testnglisteners.Pr02Login -->
