<?xml version="1.0" encoding="UTF-8"?>
<!-- Generated by org.testng.reporters.JUnitReportReporter -->
<testsuite hostname="DESKTOP-JJ8PCSV" failures="0" tests="6" name="pk8testng.Pr02NavigationBarCheckWithPOM" time="14.994" errors="0" timestamp="2022-10-30T20:33:53 IST" skipped="0">
  <testcase classname="pk8testng.Pr02NavigationBarCheckWithPOM" name="searchAudi" time="2.511"/>
  <system-out/>
  <testcase classname="pk8testng.Pr02NavigationBarCheckWithPOM" name="searchToyota" time="2.622"/>
  <system-out/>
  <testcase classname="pk8testng.Pr02NavigationBarCheckWithPOM" name="checkNavigationBarLinks" time="2.205"/>
  <system-out/>
  <testcase classname="pk8testng.Pr02NavigationBarCheckWithPOM" name="searchBMW" time="2.415"/>
  <system-out/>
  <testcase classname="pk8testng.Pr02NavigationBarCheckWithPOM" name="searchNissan" time="2.687"/>
  <system-out/>
  <testcase classname="pk8testng.Pr02NavigationBarCheckWithPOM" name="searchMaruthi" time="2.554"/>
  <system-out/>
</testsuite> <!-- pk8testng.Pr02NavigationBarCheckWithPOM -->
