<?xml version="1.0" encoding="UTF-8"?>
<!-- Generated by org.testng.reporters.JUnitReportReporter -->
<testsuite hostname="DESKTOP-JJ8PCSV" failures="0" tests="1" name="pk13testng.Pr02VerifyPagesHardAssertions" time="2.877" errors="0" timestamp="2022-11-02T23:52:32 IST" skipped="0">
  <testcase classname="pk13testng.Pr02VerifyPagesHardAssertions" name="verifyHomePage" time="2.877"/>
  <system-out/>
</testsuite> <!-- pk13testng.Pr02VerifyPagesHardAssertions -->
