<?xml version="1.0" encoding="UTF-8"?>
<!-- Generated by org.testng.reporters.JUnitReportReporter -->
<testsuite hostname="DESKTOP-JJ8PCSV" failures="0" tests="4" name="pk08testng.Pr03Login" time="14.497" errors="0" timestamp="2022-11-10T21:01:00 IST" skipped="0">
  <testcase classname="pk08testng.Pr03Login" name="loginUser1" time="3.593"/>
  <system-out/>
  <testcase classname="pk08testng.Pr03Login" name="loginUser4" time="3.496"/>
  <system-out/>
  <testcase classname="pk08testng.Pr03Login" name="loginUser3" time="3.584"/>
  <system-out/>
  <testcase classname="pk08testng.Pr03Login" name="loginUser2" time="3.824"/>
  <system-out/>
</testsuite> <!-- pk08testng.Pr03Login -->
