<?xml version="1.0" encoding="UTF-8"?>
<!-- Generated by org.testng.reporters.JUnitReportReporter -->
<testsuite hostname="DESKTOP-JJ8PCSV" failures="0" tests="1" name="pk13testng.Pr0GlobalData" time="4.151" errors="0" timestamp="2022-11-03T00:08:02 IST" skipped="0">
  <testcase classname="pk13testng.Pr0GlobalData" name="loginUser1" time="4.151"/>
  <system-out/>
</testsuite> <!-- pk13testng.Pr0GlobalData -->
