<?xml version="1.0" encoding="UTF-8"?>
<!-- Generated by org.testng.reporters.JUnitReportReporter -->
<testsuite hostname="DESKTOP-JJ8PCSV" failures="0" tests="2" name="pk9testnggroups.Pr01VerifyPages" time="5.078" errors="0" timestamp="2022-10-31T08:00:25 IST" skipped="0">
  <testcase classname="pk9testnggroups.Pr01VerifyPages" name="verifyAboutUsPage" time="3.082"/>
  <system-out/>
  <testcase classname="pk9testnggroups.Pr01VerifyPages" name="verifyHomePage" time="1.996"/>
  <system-out/>
</testsuite> <!-- pk9testnggroups.Pr01VerifyPages -->
