<?xml version="1.0" encoding="UTF-8"?>
<!-- Generated by org.testng.reporters.JUnitReportReporter -->
<testsuite hostname="DESKTOP-JJ8PCSV" failures="0" tests="1" name="pk10testng.Pr02LoginParameterizing" time="3.840" errors="0" timestamp="2022-11-01T07:19:39 IST" skipped="0">
  <testcase classname="pk10testng.Pr02LoginParameterizing" name="loginUser1" time="3.840"/>
  <system-out/>
</testsuite> <!-- pk10testng.Pr02LoginParameterizing -->
