<?xml version="1.0" encoding="UTF-8"?>
<!-- Generated by org.testng.reporters.JUnitReportReporter -->
<testsuite hostname="DESKTOP-JJ8PCSV" failures="0" tests="4" name="pk10testng.Pr04LoginDataProvider" time="14.328" errors="0" timestamp="2022-11-01T07:55:47 IST" skipped="0">
  <testcase classname="pk10testng.Pr04LoginDataProvider" name="loginUser1" time="4.330"/>
  <system-out/>
  <testcase classname="pk10testng.Pr04LoginDataProvider" name="loginUser1" time="3.347"/>
  <system-out/>
  <testcase classname="pk10testng.Pr04LoginDataProvider" name="loginUser1" time="3.404"/>
  <system-out/>
  <testcase classname="pk10testng.Pr04LoginDataProvider" name="loginUser1" time="3.247"/>
  <system-out/>
</testsuite> <!-- pk10testng.Pr04LoginDataProvider -->
