<?xml version="1.0" encoding="UTF-8"?>
<!-- Generated by org.testng.reporters.JUnitReportReporter -->
<testsuite hostname="DESKTOP-JJ8PCSV" failures="0" tests="1" name="pk09testnggroups.Pr03Login" time="3.356" errors="0" timestamp="2022-11-06T00:54:11 IST" skipped="0">
  <testcase classname="pk09testnggroups.Pr03Login" name="loginUser1" time="3.356"/>
  <system-out/>
</testsuite> <!-- pk09testnggroups.Pr03Login -->
