<?xml version="1.0" encoding="UTF-8"?>
<!-- Generated by org.testng.reporters.JUnitReportReporter -->
<testsuite hostname="DESKTOP-JJ8PCSV" failures="0" tests="4" name="pk8testng.Pr03Login" time="12.307" errors="0" timestamp="2022-10-30T20:33:53 IST" skipped="0">
  <testcase classname="pk8testng.Pr03Login" name="loginUser1" time="3.101"/>
  <system-out/>
  <testcase classname="pk8testng.Pr03Login" name="loginUser2" time="3.117"/>
  <system-out/>
  <testcase classname="pk8testng.Pr03Login" name="loginUser3" time="3.009"/>
  <system-out/>
  <testcase classname="pk8testng.Pr03Login" name="loginUser4" time="3.080"/>
  <system-out/>
</testsuite> <!-- pk8testng.Pr03Login -->
