<?xml version="1.0" encoding="UTF-8"?>
<!-- Generated by org.testng.reporters.JUnitReportReporter -->
<testsuite hostname="DESKTOP-JJ8PCSV" failures="0" tests="6" name="pk08testng.Pr02NavigationBarCheckWithPOM" time="59.101" errors="0" timestamp="2022-11-01T08:03:12 IST" skipped="0">
  <testcase classname="pk08testng.Pr02NavigationBarCheckWithPOM" name="searchAudi" time="10.294"/>
  <system-out/>
  <testcase classname="pk08testng.Pr02NavigationBarCheckWithPOM" name="searchMaruthi" time="8.168"/>
  <system-out/>
  <testcase classname="pk08testng.Pr02NavigationBarCheckWithPOM" name="searchBMW" time="17.990"/>
  <system-out/>
  <testcase classname="pk08testng.Pr02NavigationBarCheckWithPOM" name="searchNissan" time="6.552"/>
  <system-out/>
  <testcase classname="pk08testng.Pr02NavigationBarCheckWithPOM" name="searchToyota" time="5.441"/>
  <system-out/>
  <testcase classname="pk08testng.Pr02NavigationBarCheckWithPOM" name="checkNavigationBarLinks" time="10.656"/>
  <system-out/>
</testsuite> <!-- pk08testng.Pr02NavigationBarCheckWithPOM -->
