<?xml version="1.0" encoding="UTF-8"?>
<!-- Generated by org.testng.reporters.JUnitReportReporter -->
<testsuite hostname="DESKTOP-JJ8PCSV" failures="0" tests="5" name="pk08testng.Pr01VerifyPages" time="58.810" errors="0" timestamp="2022-11-01T08:03:12 IST" skipped="0">
  <testcase classname="pk08testng.Pr01VerifyPages" name="verifyFAQsPage" time="11.280"/>
  <system-out/>
  <testcase classname="pk08testng.Pr01VerifyPages" name="verifyHomePage" time="6.067"/>
  <system-out/>
  <testcase classname="pk08testng.Pr01VerifyPages" name="verifyAboutUsPage" time="18.780"/>
  <system-out/>
  <testcase classname="pk08testng.Pr01VerifyPages" name="verifyCarListingPage" time="11.121"/>
  <system-out/>
  <testcase classname="pk08testng.Pr01VerifyPages" name="verifyContactUsPage" time="11.562"/>
  <system-out/>
</testsuite> <!-- pk08testng.Pr01VerifyPages -->
