<?xml version="1.0" encoding="UTF-8"?>
<!-- Generated by org.testng.reporters.JUnitReportReporter -->
<testsuite skipped="0" hostname="DESKTOP-JJ8PCSV" name="pk08testng.Pr01VerifyPages" tests="5" failures="0" timestamp="2022-11-09T01:02:18 IST" time="63.438" errors="0">
  <testcase name="verifyHomePage" time="18.648" classname="pk08testng.Pr01VerifyPages"/>
  <system-out/>
  <testcase name="verifyAboutUsPage" time="20.321" classname="pk08testng.Pr01VerifyPages"/>
  <system-out/>
  <testcase name="verifyFAQsPage" time="18.837" classname="pk08testng.Pr01VerifyPages"/>
  <system-out/>
  <testcase name="verifyContactUsPage" time="2.768" classname="pk08testng.Pr01VerifyPages"/>
  <system-out/>
  <testcase name="verifyCarListingPage" time="2.864" classname="pk08testng.Pr01VerifyPages"/>
  <system-out/>
</testsuite> <!-- pk08testng.Pr01VerifyPages -->
