<?xml version="1.0" encoding="UTF-8"?>
<!-- Generated by org.testng.reporters.JUnitReportReporter -->
<testsuite skipped="0" hostname="DESKTOP-JJ8PCSV" name="pk09testnggroups.Pr02NavigationBarCheckWithPOM" tests="1" failures="0" timestamp="2022-11-06T01:00:35 IST" time="3.268" errors="0">
  <testcase name="checkNavigationBarLinks" time="3.268" classname="pk09testnggroups.Pr02NavigationBarCheckWithPOM"/>
  <system-out/>
</testsuite> <!-- pk09testnggroups.Pr02NavigationBarCheckWithPOM -->
