<?xml version="1.0" encoding="UTF-8"?>
<!-- Generated by org.testng.reporters.JUnitReportReporter -->
<testsuite hostname="DESKTOP-JJ8PCSV" failures="0" tests="4" name="pk08testng.Pr03Login" time="13.043" errors="0" timestamp="2022-11-11T00:10:17 IST" skipped="0">
  <testcase classname="pk08testng.Pr03Login" name="loginUser4" time="3.466"/>
  <system-out/>
  <testcase classname="pk08testng.Pr03Login" name="loginUser2" time="3.159"/>
  <system-out/>
  <testcase classname="pk08testng.Pr03Login" name="loginUser3" time="3.254"/>
  <system-out/>
  <testcase classname="pk08testng.Pr03Login" name="loginUser1" time="3.164"/>
  <system-out/>
</testsuite> <!-- pk08testng.Pr03Login -->
