<?xml version="1.0" encoding="UTF-8"?>
<!-- Generated by org.testng.reporters.JUnitReportReporter -->
<testsuite skipped="0" hostname="DESKTOP-JJ8PCSV" name="pk09testnggroups.Pr03Login" tests="1" failures="0" timestamp="2022-11-06T01:00:35 IST" time="4.177" errors="0">
  <testcase name="loginUser1" time="4.177" classname="pk09testnggroups.Pr03Login"/>
  <system-out/>
</testsuite> <!-- pk09testnggroups.Pr03Login -->
