<?xml version="1.0" encoding="UTF-8"?>
<!-- Generated by org.testng.reporters.JUnitReportReporter -->
<testsuite hostname="DESKTOP-JJ8PCSV" failures="0" tests="4" name="pk08testng.Pr03Login" time="13.007" errors="0" timestamp="2022-11-10T23:59:08 IST" skipped="0">
  <testcase classname="pk08testng.Pr03Login" name="loginUser2" time="3.208"/>
  <system-out/>
  <testcase classname="pk08testng.Pr03Login" name="loginUser1" time="3.297"/>
  <system-out/>
  <testcase classname="pk08testng.Pr03Login" name="loginUser4" time="3.309"/>
  <system-out/>
  <testcase classname="pk08testng.Pr03Login" name="loginUser3" time="3.193"/>
  <system-out/>
</testsuite> <!-- pk08testng.Pr03Login -->
