<?xml version="1.0" encoding="UTF-8"?>
<!-- Generated by org.testng.reporters.JUnitReportReporter -->
<testsuite hostname="DESKTOP-JJ8PCSV" failures="0" tests="5" name="pk08testng.Pr01VerifyPages" time="13.155" errors="0" timestamp="2022-11-11T00:10:17 IST" skipped="0">
  <testcase classname="pk08testng.Pr01VerifyPages" name="verifyAboutUsPage" time="3.426"/>
  <system-out/>
  <testcase classname="pk08testng.Pr01VerifyPages" name="verifyCarListingPage" time="2.565"/>
  <system-out/>
  <testcase classname="pk08testng.Pr01VerifyPages" name="verifyHomePage" time="2.161"/>
  <system-out/>
  <testcase classname="pk08testng.Pr01VerifyPages" name="verifyContactUsPage" time="2.486"/>
  <system-out/>
  <testcase classname="pk08testng.Pr01VerifyPages" name="verifyFAQsPage" time="2.517"/>
  <system-out/>
</testsuite> <!-- pk08testng.Pr01VerifyPages -->
