<?xml version="1.0" encoding="UTF-8"?>
<!-- Generated by org.testng.reporters.JUnitReportReporter -->
<testsuite skipped="0" hostname="DESKTOP-JJ8PCSV" name="pk08testng.Pr03Login" tests="4" failures="0" timestamp="2022-11-09T01:02:18 IST" time="16.987" errors="0">
  <testcase name="loginUser3" time="4.274" classname="pk08testng.Pr03Login"/>
  <system-out/>
  <testcase name="loginUser1" time="4.185" classname="pk08testng.Pr03Login"/>
  <system-out/>
  <testcase name="loginUser2" time="4.281" classname="pk08testng.Pr03Login"/>
  <system-out/>
  <testcase name="loginUser4" time="4.247" classname="pk08testng.Pr03Login"/>
  <system-out/>
</testsuite> <!-- pk08testng.Pr03Login -->
