<?xml version="1.0" encoding="UTF-8"?>
<!-- Generated by org.testng.reporters.JUnitReportReporter -->
<testsuite skipped="0" hostname="DESKTOP-JJ8PCSV" name="pk08testng.Pr02NavigationBarCheckWithPOM" tests="6" failures="0" timestamp="2022-11-09T01:02:18 IST" time="21.027" errors="0">
  <testcase name="searchToyota" time="3.557" classname="pk08testng.Pr02NavigationBarCheckWithPOM"/>
  <system-out/>
  <testcase name="searchNissan" time="3.519" classname="pk08testng.Pr02NavigationBarCheckWithPOM"/>
  <system-out/>
  <testcase name="searchBMW" time="3.602" classname="pk08testng.Pr02NavigationBarCheckWithPOM"/>
  <system-out/>
  <testcase name="searchMaruthi" time="3.511" classname="pk08testng.Pr02NavigationBarCheckWithPOM"/>
  <system-out/>
  <testcase name="checkNavigationBarLinks" time="3.369" classname="pk08testng.Pr02NavigationBarCheckWithPOM"/>
  <system-out/>
  <testcase name="searchAudi" time="3.469" classname="pk08testng.Pr02NavigationBarCheckWithPOM"/>
  <system-out/>
</testsuite> <!-- pk08testng.Pr02NavigationBarCheckWithPOM -->
