<?xml version="1.0" encoding="UTF-8"?>
<!-- Generated by org.testng.reporters.JUnitReportReporter -->
<testsuite hostname="DESKTOP-JJ8PCSV" failures="0" tests="5" name="pk08testng.Pr01VerifyPages" time="13.567" errors="0" timestamp="2022-11-11T00:14:33 IST" skipped="0">
  <testcase classname="pk08testng.Pr01VerifyPages" name="verifyAboutUsPage" time="3.302"/>
  <system-out/>
  <testcase classname="pk08testng.Pr01VerifyPages" name="verifyCarListingPage" time="2.628"/>
  <system-out/>
  <testcase classname="pk08testng.Pr01VerifyPages" name="verifyHomePage" time="2.275"/>
  <system-out/>
  <testcase classname="pk08testng.Pr01VerifyPages" name="verifyContactUsPage" time="2.410"/>
  <system-out/>
  <testcase classname="pk08testng.Pr01VerifyPages" name="verifyFAQsPage" time="2.952"/>
  <system-out/>
</testsuite> <!-- pk08testng.Pr01VerifyPages -->
