<?xml version="1.0" encoding="UTF-8"?>
<!-- Generated by org.testng.reporters.JUnitReportReporter -->
<testsuite skipped="0" hostname="DESKTOP-JJ8PCSV" name="pk09testnggroups.Pr01VerifyPages" tests="1" failures="0" timestamp="2022-11-06T01:00:35 IST" time="3.531" errors="0">
  <testcase name="verifyHomePage" time="3.531" classname="pk09testnggroups.Pr01VerifyPages"/>
  <system-out/>
</testsuite> <!-- pk09testnggroups.Pr01VerifyPages -->
