<?xml version="1.0" encoding="UTF-8"?>
<!-- Generated by org.testng.reporters.JUnitReportReporter -->
<testsuite hostname="DESKTOP-JJ8PCSV" failures="0" tests="6" name="pk08testng.Pr02NavigationBarCheckWithPOM" time="16.039" errors="0" timestamp="2022-11-11T00:10:17 IST" skipped="0">
  <testcase classname="pk08testng.Pr02NavigationBarCheckWithPOM" name="searchToyota" time="2.659"/>
  <system-out/>
  <testcase classname="pk08testng.Pr02NavigationBarCheckWithPOM" name="checkNavigationBarLinks" time="2.665"/>
  <system-out/>
  <testcase classname="pk08testng.Pr02NavigationBarCheckWithPOM" name="searchBMW" time="2.576"/>
  <system-out/>
  <testcase classname="pk08testng.Pr02NavigationBarCheckWithPOM" name="searchAudi" time="2.639"/>
  <system-out/>
  <testcase classname="pk08testng.Pr02NavigationBarCheckWithPOM" name="searchMaruthi" time="2.665"/>
  <system-out/>
  <testcase classname="pk08testng.Pr02NavigationBarCheckWithPOM" name="searchNissan" time="2.835"/>
  <system-out/>
</testsuite> <!-- pk08testng.Pr02NavigationBarCheckWithPOM -->
