<?xml version="1.0" encoding="UTF-8"?>
<!-- Generated by org.testng.reporters.JUnitReportReporter -->
<testsuite hostname="DESKTOP-JJ8PCSV" failures="0" tests="5" name="pk08testng.Pr01VerifyPages" time="12.871" errors="0" timestamp="2022-11-10T23:59:08 IST" skipped="0">
  <testcase classname="pk08testng.Pr01VerifyPages" name="verifyCarListingPage" time="2.524"/>
  <system-out/>
  <testcase classname="pk08testng.Pr01VerifyPages" name="verifyHomePage" time="2.110"/>
  <system-out/>
  <testcase classname="pk08testng.Pr01VerifyPages" name="verifyFAQsPage" time="2.445"/>
  <system-out/>
  <testcase classname="pk08testng.Pr01VerifyPages" name="verifyContactUsPage" time="2.501"/>
  <system-out/>
  <testcase classname="pk08testng.Pr01VerifyPages" name="verifyAboutUsPage" time="3.291"/>
  <system-out/>
</testsuite> <!-- pk08testng.Pr01VerifyPages -->
